
  .   ____          _            __ _ _
 /\\ / ___'_ __ _ _(_)_ __  __ _ \ \ \ \
( ( )\___ | '_ | '_| | '_ \/ _` | \ \ \ \
 \\/  ___)| |_)| | | | | || (_| |  ) ) ) )
  '  |____| .__|_| |_|_| |_\__, | / / / /
 =========|_|==============|___/=/_/_/_/

 :: Spring Boot ::               (v3.4.13)

2026-04-23T13:42:44.580+08:00  INFO 24708 --- [smart-ticket-platform] [           main] c.s.app.SmartTicketApplication           : Starting SmartTicketApplication using Java 17.0.7 with PID 24708 (D:\aaaAgent\smart-ticket-platform\smart-ticket-app\target\smart-ticket-app-0.0.1-SNAPSHOT.jar started by 16850 in D:\aaaAgent\smart-ticket-platform)
2026-04-23T13:42:44.585+08:00  INFO 24708 --- [smart-ticket-platform] [           main] c.s.app.SmartTicketApplication           : No active profile set, falling back to 1 default profile: "default"
2026-04-23T13:42:47.697+08:00  INFO 24708 --- [smart-ticket-platform] [           main] .s.d.r.c.RepositoryConfigurationDelegate : Multiple Spring Data modules found, entering strict repository configuration mode
2026-04-23T13:42:47.704+08:00  INFO 24708 --- [smart-ticket-platform] [           main] .s.d.r.c.RepositoryConfigurationDelegate : Bootstrapping Spring Data Redis repositories in DEFAULT mode.
2026-04-23T13:42:47.755+08:00  INFO 24708 --- [smart-ticket-platform] [           main] .s.d.r.c.RepositoryConfigurationDelegate : Finished Spring Data repository scanning in 25 ms. Found 0 Redis repository interfaces.
2026-04-23T13:42:49.997+08:00  INFO 24708 --- [smart-ticket-platform] [           main] o.s.b.w.embedded.tomcat.TomcatWebServer  : Tomcat initialized with port 8080 (http)
2026-04-23T13:42:50.082+08:00  INFO 24708 --- [smart-ticket-platform] [           main] o.apache.catalina.core.StandardService   : Starting service [Tomcat]
2026-04-23T13:42:50.084+08:00  INFO 24708 --- [smart-ticket-platform] [           main] o.apache.catalina.core.StandardEngine    : Starting Servlet engine: [Apache Tomcat/10.1.50]
2026-04-23T13:42:50.207+08:00  INFO 24708 --- [smart-ticket-platform] [           main] o.a.c.c.C.[Tomcat].[localhost].[/]       : Initializing Spring embedded WebApplicationContext
2026-04-23T13:42:50.211+08:00  INFO 24708 --- [smart-ticket-platform] [           main] w.s.c.ServletWebServerApplicationContext : Root WebApplicationContext: initialization completed in 5494 ms
2026-04-23T13:42:54.396+08:00  INFO 24708 --- [smart-ticket-platform] [           main] eAuthenticationProviderManagerConfigurer : Global AuthenticationManager configured with AuthenticationProvider bean with name authenticationProvider
2026-04-23T13:42:54.398+08:00  WARN 24708 --- [smart-ticket-platform] [           main] r$InitializeUserDetailsManagerConfigurer : Global AuthenticationManager configured with an AuthenticationProvider bean. UserDetailsService beans will not be used by Spring Security for automatically configuring username/password login. Consider removing the AuthenticationProvider bean. Alternatively, consider using the UserDetailsService in a manually instantiated DaoAuthenticationProvider. If the current configuration is intentional, to turn off this warning, increase the logging level of 'org.springframework.security.config.annotation.authentication.configuration.InitializeUserDetailsBeanManagerConfigurer' to ERROR
2026-04-23T13:42:55.673+08:00  WARN 24708 --- [smart-ticket-platform] [           main] ConfigServletWebServerApplicationContext : Exception encountered during context initialization - cancelling refresh attempt: org.springframework.beans.factory.UnsatisfiedDependencyException: Error creating bean with name 'agentExecutionGuard' defined in URL [jar:nested:/D:/aaaAgent/smart-ticket-platform/smart-ticket-app/target/smart-ticket-app-0.0.1-SNAPSHOT.jar/!BOOT-INF/lib/smart-ticket-agent-0.0.1-SNAPSHOT.jar!/com/smartticket/agent/execution/AgentExecutionGuard.class]: Unsatisfied dependency expressed through constructor parameter 0: Error creating bean with name 'toolCallPlanValidator' defined in URL [jar:nested:/D:/aaaAgent/smart-ticket-platform/smart-ticket-app/target/smart-ticket-app-0.0.1-SNAPSHOT.jar/!BOOT-INF/lib/smart-ticket-agent-0.0.1-SNAPSHOT.jar!/com/smartticket/agent/orchestration/ToolCallPlanValidator.class]: Unsatisfied dependency expressed through constructor parameter 0: Error creating bean with name 'agentToolRegistry' defined in URL [jar:nested:/D:/aaaAgent/smart-ticket-platform/smart-ticket-app/target/smart-ticket-app-0.0.1-SNAPSHOT.jar/!BOOT-INF/lib/smart-ticket-agent-0.0.1-SNAPSHOT.jar!/com/smartticket/agent/tool/core/AgentToolRegistry.class]: Unsatisfied dependency expressed through constructor parameter 0: Error creating bean with name 'createTicketTool' defined in URL [jar:nested:/D:/aaaAgent/smart-ticket-platform/smart-ticket-app/target/smart-ticket-app-0.0.1-SNAPSHOT.jar/!BOOT-INF/lib/smart-ticket-agent-0.0.1-SNAPSHOT.jar!/com/smartticket/agent/tool/ticket/CreateTicketTool.class]: Unsatisfied dependency expressed through constructor parameter 3: Error creating bean with name 'springAiToolSupport' defined in URL [jar:nested:/D:/aaaAgent/smart-ticket-platform/smart-ticket-app/target/smart-ticket-app-0.0.1-SNAPSHOT.jar/!BOOT-INF/lib/smart-ticket-agent-0.0.1-SNAPSHOT.jar!/com/smartticket/agent/tool/support/SpringAiToolSupport.class]: Unsatisfied dependency expressed through constructor parameter 0: Error creating bean with name 'agentExecutionGuard': Requested bean is currently in creation: Is there an unresolvable circular reference or an asynchronous initialization dependency?
2026-04-23T13:42:55.744+08:00  INFO 24708 --- [smart-ticket-platform] [           main] o.apache.catalina.core.StandardService   : Stopping service [Tomcat]
2026-04-23T13:42:55.800+08:00  INFO 24708 --- [smart-ticket-platform] [           main] .s.b.a.l.ConditionEvaluationReportLogger : 

Error starting ApplicationContext. To display the condition evaluation report re-run your application with 'debug' enabled.
2026-04-23T13:42:55.870+08:00 ERROR 24708 --- [smart-ticket-platform] [           main] o.s.b.d.LoggingFailureAnalysisReporter   : 

***************************
APPLICATION FAILED TO START
***************************

Description:

The dependencies of some of the beans in the application context form a cycle:

©°©¤©¤©¤©¤©¤©´
|  agentExecutionGuard defined in URL [jar:nested:/D:/aaaAgent/smart-ticket-platform/smart-ticket-app/target/smart-ticket-app-0.0.1-SNAPSHOT.jar/!BOOT-INF/lib/smart-ticket-agent-0.0.1-SNAPSHOT.jar!/com/smartticket/agent/execution/AgentExecutionGuard.class]
ˇü     ˇý
|  toolCallPlanValidator defined in URL [jar:nested:/D:/aaaAgent/smart-ticket-platform/smart-ticket-app/target/smart-ticket-app-0.0.1-SNAPSHOT.jar/!BOOT-INF/lib/smart-ticket-agent-0.0.1-SNAPSHOT.jar!/com/smartticket/agent/orchestration/ToolCallPlanValidator.class]
ˇü     ˇý
|  agentToolRegistry defined in URL [jar:nested:/D:/aaaAgent/smart-ticket-platform/smart-ticket-app/target/smart-ticket-app-0.0.1-SNAPSHOT.jar/!BOOT-INF/lib/smart-ticket-agent-0.0.1-SNAPSHOT.jar!/com/smartticket/agent/tool/core/AgentToolRegistry.class]
ˇü     ˇý
|  createTicketTool defined in URL [jar:nested:/D:/aaaAgent/smart-ticket-platform/smart-ticket-app/target/smart-ticket-app-0.0.1-SNAPSHOT.jar/!BOOT-INF/lib/smart-ticket-agent-0.0.1-SNAPSHOT.jar!/com/smartticket/agent/tool/ticket/CreateTicketTool.class]
ˇü     ˇý
|  springAiToolSupport defined in URL [jar:nested:/D:/aaaAgent/smart-ticket-platform/smart-ticket-app/target/smart-ticket-app-0.0.1-SNAPSHOT.jar/!BOOT-INF/lib/smart-ticket-agent-0.0.1-SNAPSHOT.jar!/com/smartticket/agent/tool/support/SpringAiToolSupport.class]
©¸©¤©¤©¤©¤©¤©Ľ


Action:

Relying upon circular references is discouraged and they are prohibited by default. Update your application to remove the dependency cycle between beans. As a last resort, it may be possible to break the cycle automatically by setting spring.main.allow-circular-references to true.

