
  .   ____          _            __ _ _
 /\\ / ___'_ __ _ _(_)_ __  __ _ \ \ \ \
( ( )\___ | '_ | '_| | '_ \/ _` | \ \ \ \
 \\/  ___)| |_)| | | | | || (_| |  ) ) ) )
  '  |____| .__|_| |_|_| |_\__, | / / / /
 =========|_|==============|___/=/_/_/_/

 :: Spring Boot ::               (v3.4.13)

2026-04-23T13:50:11.757+08:00  INFO 12732 --- [smart-ticket-platform] [           main] c.s.app.SmartTicketApplication           : Starting SmartTicketApplication using Java 17.0.7 with PID 12732 (D:\aaaAgent\smart-ticket-platform\smart-ticket-app\target\smart-ticket-app-0.0.1-SNAPSHOT.jar started by 16850 in D:\aaaAgent\smart-ticket-platform)
2026-04-23T13:50:11.771+08:00  INFO 12732 --- [smart-ticket-platform] [           main] c.s.app.SmartTicketApplication           : No active profile set, falling back to 1 default profile: "default"
2026-04-23T13:50:16.285+08:00  INFO 12732 --- [smart-ticket-platform] [           main] .s.d.r.c.RepositoryConfigurationDelegate : Multiple Spring Data modules found, entering strict repository configuration mode
2026-04-23T13:50:16.288+08:00  INFO 12732 --- [smart-ticket-platform] [           main] .s.d.r.c.RepositoryConfigurationDelegate : Bootstrapping Spring Data Redis repositories in DEFAULT mode.
2026-04-23T13:50:16.348+08:00  INFO 12732 --- [smart-ticket-platform] [           main] .s.d.r.c.RepositoryConfigurationDelegate : Finished Spring Data repository scanning in 29 ms. Found 0 Redis repository interfaces.
2026-04-23T13:50:19.194+08:00  INFO 12732 --- [smart-ticket-platform] [           main] o.s.b.w.embedded.tomcat.TomcatWebServer  : Tomcat initialized with port 8080 (http)
2026-04-23T13:50:19.239+08:00  INFO 12732 --- [smart-ticket-platform] [           main] o.apache.catalina.core.StandardService   : Starting service [Tomcat]
2026-04-23T13:50:19.240+08:00  INFO 12732 --- [smart-ticket-platform] [           main] o.apache.catalina.core.StandardEngine    : Starting Servlet engine: [Apache Tomcat/10.1.50]
2026-04-23T13:50:19.398+08:00  INFO 12732 --- [smart-ticket-platform] [           main] o.a.c.c.C.[Tomcat].[localhost].[/]       : Initializing Spring embedded WebApplicationContext
2026-04-23T13:50:19.400+08:00  INFO 12732 --- [smart-ticket-platform] [           main] w.s.c.ServletWebServerApplicationContext : Root WebApplicationContext: initialization completed in 7468 ms
2026-04-23T13:50:24.511+08:00  INFO 12732 --- [smart-ticket-platform] [           main] eAuthenticationProviderManagerConfigurer : Global AuthenticationManager configured with AuthenticationProvider bean with name authenticationProvider
2026-04-23T13:50:24.512+08:00  WARN 12732 --- [smart-ticket-platform] [           main] r$InitializeUserDetailsManagerConfigurer : Global AuthenticationManager configured with an AuthenticationProvider bean. UserDetailsService beans will not be used by Spring Security for automatically configuring username/password login. Consider removing the AuthenticationProvider bean. Alternatively, consider using the UserDetailsService in a manually instantiated DaoAuthenticationProvider. If the current configuration is intentional, to turn off this warning, increase the logging level of 'org.springframework.security.config.annotation.authentication.configuration.InitializeUserDetailsBeanManagerConfigurer' to ERROR
2026-04-23T13:50:25.347+08:00  WARN 12732 --- [smart-ticket-platform] [           main] ConfigServletWebServerApplicationContext : Exception encountered during context initialization - cancelling refresh attempt: org.springframework.beans.factory.UnsatisfiedDependencyException: Error creating bean with name 'ticketAssignmentRuleService' defined in URL [jar:nested:/D:/aaaAgent/smart-ticket-platform/smart-ticket-app/target/smart-ticket-app-0.0.1-SNAPSHOT.jar/!BOOT-INF/lib/smart-ticket-biz-0.0.1-SNAPSHOT.jar!/com/smartticket/biz/service/assignment/TicketAssignmentRuleService.class]: Unsatisfied dependency expressed through constructor parameter 1: Error creating bean with name 'ticketQueryService': Lookup method resolution failed
2026-04-23T13:50:25.353+08:00  WARN 12732 --- [smart-ticket-platform] [           main] o.s.b.f.support.DisposableBeanAdapter    : Invocation of destroy method failed on bean with name 'redisConnectionFactory': java.lang.NoClassDefFoundError: io/netty/channel/Channel
2026-04-23T13:50:25.355+08:00  WARN 12732 --- [smart-ticket-platform] [           main] o.s.b.f.support.DisposableBeanAdapter    : Custom destroy method 'shutdown' on bean with name 'lettuceClientResources' propagated an exception: java.lang.NoClassDefFoundError: io/netty/util/concurrent/ImmediateEventExecutor
