
  .   ____          _            __ _ _
 /\\ / ___'_ __ _ _(_)_ __  __ _ \ \ \ \
( ( )\___ | '_ | '_| | '_ \/ _` | \ \ \ \
 \\/  ___)| |_)| | | | | || (_| |  ) ) ) )
  '  |____| .__|_| |_|_| |_\__, | / / / /
 =========|_|==============|___/=/_/_/_/

 :: Spring Boot ::               (v3.4.13)

2026-04-23T13:47:16.020+08:00  INFO 1084 --- [smart-ticket-platform] [           main] c.s.app.SmartTicketApplication           : Starting SmartTicketApplication using Java 17.0.7 with PID 1084 (D:\aaaAgent\smart-ticket-platform\smart-ticket-app\target\smart-ticket-app-0.0.1-SNAPSHOT.jar started by 16850 in D:\aaaAgent\smart-ticket-platform)
2026-04-23T13:47:16.028+08:00  INFO 1084 --- [smart-ticket-platform] [           main] c.s.app.SmartTicketApplication           : No active profile set, falling back to 1 default profile: "default"
2026-04-23T13:47:21.315+08:00  INFO 1084 --- [smart-ticket-platform] [           main] .s.d.r.c.RepositoryConfigurationDelegate : Multiple Spring Data modules found, entering strict repository configuration mode
2026-04-23T13:47:21.323+08:00  INFO 1084 --- [smart-ticket-platform] [           main] .s.d.r.c.RepositoryConfigurationDelegate : Bootstrapping Spring Data Redis repositories in DEFAULT mode.
2026-04-23T13:47:21.393+08:00  INFO 1084 --- [smart-ticket-platform] [           main] .s.d.r.c.RepositoryConfigurationDelegate : Finished Spring Data repository scanning in 29 ms. Found 0 Redis repository interfaces.
2026-04-23T13:47:24.964+08:00  INFO 1084 --- [smart-ticket-platform] [           main] o.s.b.w.embedded.tomcat.TomcatWebServer  : Tomcat initialized with port 8080 (http)
2026-04-23T13:47:25.059+08:00  INFO 1084 --- [smart-ticket-platform] [           main] o.apache.catalina.core.StandardService   : Starting service [Tomcat]
2026-04-23T13:47:25.059+08:00  INFO 1084 --- [smart-ticket-platform] [           main] o.apache.catalina.core.StandardEngine    : Starting Servlet engine: [Apache Tomcat/10.1.50]
2026-04-23T13:47:25.288+08:00  INFO 1084 --- [smart-ticket-platform] [           main] o.a.c.c.C.[Tomcat].[localhost].[/]       : Initializing Spring embedded WebApplicationContext
2026-04-23T13:47:25.292+08:00  INFO 1084 --- [smart-ticket-platform] [           main] w.s.c.ServletWebServerApplicationContext : Root WebApplicationContext: initialization completed in 9054 ms
2026-04-23T13:47:30.662+08:00  INFO 1084 --- [smart-ticket-platform] [           main] eAuthenticationProviderManagerConfigurer : Global AuthenticationManager configured with AuthenticationProvider bean with name authenticationProvider
2026-04-23T13:47:30.662+08:00  WARN 1084 --- [smart-ticket-platform] [           main] r$InitializeUserDetailsManagerConfigurer : Global AuthenticationManager configured with an AuthenticationProvider bean. UserDetailsService beans will not be used by Spring Security for automatically configuring username/password login. Consider removing the AuthenticationProvider bean. Alternatively, consider using the UserDetailsService in a manually instantiated DaoAuthenticationProvider. If the current configuration is intentional, to turn off this warning, increase the logging level of 'org.springframework.security.config.annotation.authentication.configuration.InitializeUserDetailsBeanManagerConfigurer' to ERROR
2026-04-23T13:47:37.749+08:00  WARN 1084 --- [smart-ticket-platform] [           main] ConfigServletWebServerApplicationContext : Exception encountered during context initialization - cancelling refresh attempt: org.springframework.beans.factory.UnsatisfiedDependencyException: Error creating bean with name 'vectorStore' defined in class path resource [org/springframework/ai/vectorstore/pgvector/autoconfigure/PgVectorStoreAutoConfiguration.class]: Unsatisfied dependency expressed through method 'vectorStore' parameter 1: No qualifying bean of type 'org.springframework.ai.embedding.EmbeddingModel' available: expected at least 1 bean which qualifies as autowire candidate. Dependency annotations: {}
2026-04-23T13:47:37.816+08:00  INFO 1084 --- [smart-ticket-platform] [           main] o.apache.catalina.core.StandardService   : Stopping service [Tomcat]
2026-04-23T13:47:37.851+08:00  INFO 1084 --- [smart-ticket-platform] [           main] .s.b.a.l.ConditionEvaluationReportLogger : 

Error starting ApplicationContext. To display the condition evaluation report re-run your application with 'debug' enabled.
2026-04-23T13:47:37.948+08:00 ERROR 1084 --- [smart-ticket-platform] [           main] o.s.b.d.LoggingFailureAnalysisReporter   : 

***************************
APPLICATION FAILED TO START
***************************

Description:

Parameter 1 of method vectorStore in org.springframework.ai.vectorstore.pgvector.autoconfigure.PgVectorStoreAutoConfiguration required a bean of type 'org.springframework.ai.embedding.EmbeddingModel' that could not be found.


Action:

Consider defining a bean of type 'org.springframework.ai.embedding.EmbeddingModel' in your configuration.

